2015-04-27 15:10:26.800 Expresso[3638:96365] DiskCookieStorage changing policy from 2 to 0, cookie file: file:///Users/jairpereira/Library/Developer/CoreSimulator/Devices/59A40992-B3AC-42A9-A42F-BA1C6AF51E39/data/Containers/Data/Application/F50B838E-445C-46B5-BA46-FE023548B1C6/Library/Cookies/Cookies.binarycookies
2015-04-27 15:10:27.450 Expresso[3638:96365] Apache Cordova native platform version 3.7.0 is starting.
2015-04-27 15:10:27.451 Expresso[3638:96365] Multi-tasking -> Device: YES, App: YES
2015-04-27 15:10:27.530 Expresso[3638:96365] Unlimited access to network resources
2015-04-27 15:10:29.487 Expresso[3638:96365] Resetting plugins due to page load.
2015-04-27 15:10:29.710 Expresso[3638:96365] Finished load of: file:///Users/jairpereira/Library/Developer/CoreSimulator/Devices/59A40992-B3AC-42A9-A42F-BA1C6AF51E39/data/Containers/Bundle/Application/E3894B72-FC31-482E-87F0-D9E817FE43B0/Expresso.app/www/index_ios.html
2015-04-27 15:41:43.259 Expresso[4715:228713] DiskCookieStorage changing policy from 2 to 0, cookie file: file:///Users/jairpereira/Library/Developer/CoreSimulator/Devices/59A40992-B3AC-42A9-A42F-BA1C6AF51E39/data/Containers/Data/Application/A74DCFB9-356A-42BD-AD5A-97BC1B939EFD/Library/Cookies/Cookies.binarycookies
2015-04-27 15:41:43.441 Expresso[4715:228713] Apache Cordova native platform version 3.7.0 is starting.
2015-04-27 15:41:43.442 Expresso[4715:228713] Multi-tasking -> Device: YES, App: YES
2015-04-27 15:41:43.468 Expresso[4715:228713] Unlimited access to network resources
2015-04-27 15:41:44.042 Expresso[4715:228713] Resetting plugins due to page load.
2015-04-27 15:41:44.848 Expresso[4715:228713] Finished load of: file:///Users/jairpereira/Library/Developer/CoreSimulator/Devices/59A40992-B3AC-42A9-A42F-BA1C6AF51E39/data/Containers/Bundle/Application/4DE20369-DAB2-4088-8091-966A158B9449/Expresso.app/www/index_ios.html
2015-04-27 15:47:03.902 Expresso[5534:262279] DiskCookieStorage changing policy from 2 to 0, cookie file: file:///Users/jairpereira/Library/Developer/CoreSimulator/Devices/59A40992-B3AC-42A9-A42F-BA1C6AF51E39/data/Containers/Data/Application/4A7F05EB-9974-4120-B97F-B369282B121A/Library/Cookies/Cookies.binarycookies
2015-04-27 15:47:04.008 Expresso[5534:262279] Apache Cordova native platform version 3.7.0 is starting.
2015-04-27 15:47:04.008 Expresso[5534:262279] Multi-tasking -> Device: YES, App: YES
2015-04-27 15:47:04.156 Expresso[5534:262279] Unlimited access to network resources
2015-04-27 15:47:04.734 Expresso[5534:262279] Resetting plugins due to page load.
2015-04-27 15:47:04.918 Expresso[5534:262279] Finished load of: file:///Users/jairpereira/Library/Developer/CoreSimulator/Devices/59A40992-B3AC-42A9-A42F-BA1C6AF51E39/data/Containers/Bundle/Application/1C5B2584-AE3A-4430-93D0-7A39B2DB04CA/Expresso.app/www/index_ios.html
2015-04-27 15:54:47.068 Expresso[6375:318615] DiskCookieStorage changing policy from 2 to 0, cookie file: file:///Users/jairpereira/Library/Developer/CoreSimulator/Devices/59A40992-B3AC-42A9-A42F-BA1C6AF51E39/data/Containers/Data/Application/48CE6FD6-F7E9-4E92-89F3-352E17D3E8C0/Library/Cookies/Cookies.binarycookies
2015-04-27 15:54:47.257 Expresso[6375:318615] Apache Cordova native platform version 3.7.0 is starting.
2015-04-27 15:54:47.258 Expresso[6375:318615] Multi-tasking -> Device: YES, App: YES
2015-04-27 15:54:47.363 Expresso[6375:318615] Unlimited access to network resources
2015-04-27 15:54:47.845 Expresso[6375:318615] Resetting plugins due to page load.
2015-04-27 15:54:47.909 Expresso[6375:318615] Finished load of: file:///Users/jairpereira/Library/Developer/CoreSimulator/Devices/59A40992-B3AC-42A9-A42F-BA1C6AF51E39/data/Containers/Bundle/Application/329B8ED4-D72E-43EE-B585-42A72D5D56E7/Expresso.app/www/index_ios.html
2015-05-04 14:17:57.538 Expresso[9588:6218053] DiskCookieStorage changing policy from 2 to 0, cookie file: file:///Users/jairpereira/Library/Developer/CoreSimulator/Devices/9E725B1C-3260-4413-A43C-835BB58DAF35/data/Containers/Data/Application/E57FE48E-C26D-4098-ABA3-1C0321A649E6/Library/Cookies/Cookies.binarycookies
2015-05-04 14:17:58.372 Expresso[9588:6218053] Apache Cordova native platform version 3.7.0 is starting.
2015-05-04 14:17:58.373 Expresso[9588:6218053] Multi-tasking -> Device: YES, App: YES
2015-05-04 14:17:58.415 Expresso[9588:6218053] Unlimited access to network resources
2015-05-04 14:18:02.783 Expresso[9588:6218053] Resetting plugins due to page load.
2015-05-04 14:18:03.876 Expresso[9588:6218053] Finished load of: file:///Users/jairpereira/Library/Developer/CoreSimulator/Devices/9E725B1C-3260-4413-A43C-835BB58DAF35/data/Containers/Bundle/Application/4915048D-382A-470F-816E-70DA445260E6/Expresso.app/www/index_ios.html
2015-05-04 14:18:52.887 Expresso[9588:6233092] Camera.getPicture: source type 1 not available.
2015-05-04 14:19:46.203 Expresso[9588:6218053] CDVWebViewDelegate: Navigation started when state=1
2015-05-04 14:19:46.203 Expresso[9588:6218053] Failed to load webpage with error: CDVWebViewDelegate: Navigation started when state=1
2015-05-04 14:20:04.620 Expresso[9588:6218053] CDVWebViewDelegate: Navigation started when state=1
2015-05-04 14:20:04.620 Expresso[9588:6218053] Failed to load webpage with error: CDVWebViewDelegate: Navigation started when state=1
2015-05-04 14:20:04.857 Expresso[9588:6218053] CDVWebViewDelegate: Navigation started when state=1
2015-05-04 14:20:04.857 Expresso[9588:6218053] Failed to load webpage with error: CDVWebViewDelegate: Navigation started when state=1
2015-05-04 14:20:54.707 Expresso[9588:6274803] Terminating since there is no system app.
